Wed Jun 21 2023  15:31:28 [right meow!] info: globalErrorHandler $and/$or/$nor must be a nonempty array
Wed Jun 21 2023  15:34:16 [right meow!] info: database connect successfully
Wed Jun 21 2023  15:34:16 [right meow!] info: app listening on port 5000
Wed Jun 21 2023  15:34:17 [right meow!] info: globalErrorHandler Can't use $option with String.
Wed Jun 21 2023  15:34:28 [right meow!] info: globalErrorHandler Can't use $option with String.
Wed Jun 21 2023  15:34:35 [right meow!] info: globalErrorHandler Can't use $option with String.
Wed Jun 21 2023  15:34:36 [right meow!] info: globalErrorHandler Can't use $option with String.
Wed Jun 21 2023  15:34:50 [right meow!] info: database connect successfully
Wed Jun 21 2023  15:34:50 [right meow!] info: app listening on port 5000
Wed Jun 21 2023  15:34:51 [right meow!] info: globalErrorHandler Can't use $option with String.
Wed Jun 21 2023  15:35:5 [right meow!] info: database connect successfully
Wed Jun 21 2023  15:35:5 [right meow!] info: app listening on port 5000
Wed Jun 21 2023  15:35:7 [right meow!] info: globalErrorHandler Can't use $option with String.
Wed Jun 21 2023  15:35:26 [right meow!] info: database connect successfully
Wed Jun 21 2023  15:35:26 [right meow!] info: app listening on port 5000
Wed Jun 21 2023  15:35:28 [right meow!] info: globalErrorHandler $regex has to be a string
Wed Jun 21 2023  15:35:31 [right meow!] info: globalErrorHandler $regex has to be a string
Wed Jun 21 2023  15:36:35 [right meow!] info: database connect successfully
Wed Jun 21 2023  15:36:35 [right meow!] info: app listening on port 5000
Wed Jun 21 2023  15:36:41 [right meow!] info: globalErrorHandler $regex has to be a string
Wed Jun 21 2023  15:37:17 [right meow!] info: globalErrorHandler $regex has to be a string
Wed Jun 21 2023  15:46:52 [right meow!] info: database connect successfully
Wed Jun 21 2023  15:46:52 [right meow!] info: app listening on port 5000
Wed Jun 21 2023  15:47:2 [right meow!] info: database connect successfully
Wed Jun 21 2023  15:47:2 [right meow!] info: app listening on port 5000
Wed Jun 21 2023  15:51:5 [right meow!] info: database connect successfully
Wed Jun 21 2023  15:51:5 [right meow!] info: app listening on port 5000
Wed Jun 21 2023  15:51:16 [right meow!] info: globalErrorHandler Cast to number failed for value "i" (type string) at path "year" for model "AcademicSemester"
Wed Jun 21 2023  15:51:48 [right meow!] info: database connect successfully
Wed Jun 21 2023  15:51:48 [right meow!] info: app listening on port 5000
Wed Jun 21 2023  15:51:49 [right meow!] info: globalErrorHandler Cast to number failed for value "i" (type string) at path "year" for model "AcademicSemester"
Wed Jun 21 2023  15:51:51 [right meow!] info: globalErrorHandler Cast to number failed for value "i" (type string) at path "year" for model "AcademicSemester"
Wed Jun 21 2023  15:51:52 [right meow!] info: globalErrorHandler Cast to number failed for value "i" (type string) at path "year" for model "AcademicSemester"
Wed Jun 21 2023  15:53:13 [right meow!] info: database connect successfully
Wed Jun 21 2023  15:53:13 [right meow!] info: app listening on port 5000
Wed Jun 21 2023  15:53:14 [right meow!] info: globalErrorHandler Cast to number failed for value "i" (type string) at path "year" for model "AcademicSemester"
Wed Jun 21 2023  15:53:35 [right meow!] info: database connect successfully
Wed Jun 21 2023  15:53:35 [right meow!] info: app listening on port 5000
Wed Jun 21 2023  15:53:43 [right meow!] info: database connect successfully
Wed Jun 21 2023  15:53:43 [right meow!] info: app listening on port 5000
Wed Jun 21 2023  15:53:54 [right meow!] info: globalErrorHandler $and/$or/$nor must be a nonempty array
Wed Jun 21 2023  15:54:4 [right meow!] info: globalErrorHandler $and/$or/$nor must be a nonempty array
Wed Jun 21 2023  15:54:6 [right meow!] info: globalErrorHandler $and/$or/$nor must be a nonempty array
Wed Jun 21 2023  15:55:56 [right meow!] info: database connect successfully
Wed Jun 21 2023  15:55:56 [right meow!] info: app listening on port 5000
